<?xml version="1.0" encoding="UTF-8"?>
<!-- Generated by org.testng.reporters.JUnitReportReporter -->
<testsuite hostname="MSI" failures="0" tests="3" name="tests.GetCountryTest" time="5.562" errors="0" timestamp="2025-02-09T16:34:10 IST" skipped="0">
  <testcase classname="tests.GetCountryTest" name="testGetCountryByTranslation" time="0.656"/>
  <system-out/>
  <testcase classname="tests.GetCountryTest" name="testGetCountryByTranslation" time="2.997"/>
  <system-out/>
  <testcase classname="tests.GetCountryTest" name="testGetCountryByTranslation" time="1.909"/>
  <system-out/>
</testsuite> <!-- tests.GetCountryTest -->
