<?xml version="1.0" encoding="UTF-8"?>
<testng-results ignored="0" total="4" passed="4" failed="0" skipped="0">
  <reporter-output>
  </reporter-output>
  <suite started-at="2025-02-09T16:32:37 IST" name="Surefire suite" finished-at="2025-02-09T16:32:47 IST" duration-ms="10144">
    <groups>
      <group name="cucumber">
        <method signature="AbstractTestNGCucumberTests.runScenario(io.cucumber.testng.PickleWrapper,io.cucumber.testng.FeatureWrapper)[pri:0, instance:runners.TestRunner@5c30a9b0]" name="runScenario" class="io.cucumber.testng.AbstractTestNGCucumberTests"/>
      </group> <!-- cucumber -->
    </groups>
    <test started-at="2025-02-09T16:32:37 IST" name="Surefire test" finished-at="2025-02-09T16:32:47 IST" duration-ms="10144">
      <class name="runners.TestRunner">
        <test-method is-config="true" signature="setUpClass(org.testng.ITestContext)[pri:0, instance:runners.TestRunner@5c30a9b0]" started-at="2025-02-09T16:32:37 IST" name="setUpClass" finished-at="2025-02-09T16:32:37 IST" duration-ms="393" status="PASS">
          <params>
            <param index="0">
              <value>
                <![CDATA[org.testng.TestRunner@6fd77352]]>
              </value>
            </param>
          </params>
          <reporter-output>
          </reporter-output>
        </test-method> <!-- setUpClass -->
        <test-method signature="runScenario(io.cucumber.testng.PickleWrapper,io.cucumber.testng.FeatureWrapper)[pri:0, instance:runners.TestRunner@5c30a9b0]" started-at="2025-02-09T16:32:37 IST" name="runScenario" description="Runs Cucumber Scenarios" data-provider="scenarios" finished-at="2025-02-09T16:32:44 IST" duration-ms="7050" status="PASS">
          <params>
            <param index="0">
              <value>
                <![CDATA["Verify the Page Title and Navigation Flow"]]>
              </value>
            </param>
            <param index="1">
              <value>
                <![CDATA["Automate Web Application using Selenium with BDD"]]>
              </value>
            </param>
          </params>
          <reporter-output>
          </reporter-output>
        </test-method> <!-- runScenario -->
        <test-method signature="runScenario(io.cucumber.testng.PickleWrapper,io.cucumber.testng.FeatureWrapper)[pri:0, instance:runners.TestRunner@5c30a9b0]" started-at="2025-02-09T16:32:44 IST" name="runScenario" description="Runs Cucumber Scenarios" data-provider="scenarios" finished-at="2025-02-09T16:32:45 IST" duration-ms="648" status="PASS">
          <params>
            <param index="0">
              <value>
                <![CDATA["Verify A/B Testing Page"]]>
              </value>
            </param>
            <param index="1">
              <value>
                <![CDATA["Automate Web Application using Selenium with BDD"]]>
              </value>
            </param>
          </params>
          <reporter-output>
          </reporter-output>
        </test-method> <!-- runScenario -->
        <test-method signature="runScenario(io.cucumber.testng.PickleWrapper,io.cucumber.testng.FeatureWrapper)[pri:0, instance:runners.TestRunner@5c30a9b0]" started-at="2025-02-09T16:32:45 IST" name="runScenario" description="Runs Cucumber Scenarios" data-provider="scenarios" finished-at="2025-02-09T16:32:46 IST" duration-ms="1056" status="PASS">
          <params>
            <param index="0">
              <value>
                <![CDATA["Verify Dropdown Selection"]]>
              </value>
            </param>
            <param index="1">
              <value>
                <![CDATA["Automate Web Application using Selenium with BDD"]]>
              </value>
            </param>
          </params>
          <reporter-output>
          </reporter-output>
        </test-method> <!-- runScenario -->
        <test-method signature="runScenario(io.cucumber.testng.PickleWrapper,io.cucumber.testng.FeatureWrapper)[pri:0, instance:runners.TestRunner@5c30a9b0]" started-at="2025-02-09T16:32:46 IST" name="runScenario" description="Runs Cucumber Scenarios" data-provider="scenarios" finished-at="2025-02-09T16:32:47 IST" duration-ms="922" status="PASS">
          <params>
            <param index="0">
              <value>
                <![CDATA["Verify Frames Page Links"]]>
              </value>
            </param>
            <param index="1">
              <value>
                <![CDATA["Automate Web Application using Selenium with BDD"]]>
              </value>
            </param>
          </params>
          <reporter-output>
          </reporter-output>
        </test-method> <!-- runScenario -->
        <test-method is-config="true" signature="tearDownClass()[pri:0, instance:runners.TestRunner@5c30a9b0]" started-at="2025-02-09T16:32:47 IST" name="tearDownClass" finished-at="2025-02-09T16:32:47 IST" duration-ms="39" status="PASS">
          <reporter-output>
          </reporter-output>
        </test-method> <!-- tearDownClass -->
      </class> <!-- runners.TestRunner -->
    </test> <!-- Surefire test -->
  </suite> <!-- Surefire suite -->
</testng-results>
