<?xml version="1.0" encoding="UTF-8"?>
<testng-results ignored="0" total="4" passed="4" failed="0" skipped="0">
  <reporter-output>
  </reporter-output>
  <suite started-at="2025-02-09T19:49:42 IST" name="Surefire suite" finished-at="2025-02-09T19:50:00 IST" duration-ms="18238">
    <groups>
      <group name="cucumber">
        <method signature="AbstractTestNGCucumberTests.runScenario(io.cucumber.testng.PickleWrapper,io.cucumber.testng.FeatureWrapper)[pri:0, instance:runners.TestRunner@5c30a9b0]" name="runScenario" class="io.cucumber.testng.AbstractTestNGCucumberTests"/>
      </group> <!-- cucumber -->
    </groups>
    <test started-at="2025-02-09T19:49:42 IST" name="Surefire test" finished-at="2025-02-09T19:50:00 IST" duration-ms="18238">
      <class name="runners.TestRunner">
        <test-method is-config="true" signature="setUpClass(org.testng.ITestContext)[pri:0, instance:runners.TestRunner@5c30a9b0]" started-at="2025-02-09T19:49:42 IST" name="setUpClass" finished-at="2025-02-09T19:49:42 IST" duration-ms="622" status="PASS">
          <params>
            <param index="0">
              <value>
                <![CDATA[org.testng.TestRunner@6fd77352]]>
              </value>
            </param>
          </params>
          <reporter-output>
          </reporter-output>
        </test-method> <!-- setUpClass -->
        <test-method signature="runScenario(io.cucumber.testng.PickleWrapper,io.cucumber.testng.FeatureWrapper)[pri:0, instance:runners.TestRunner@5c30a9b0]" started-at="2025-02-09T19:49:42 IST" name="runScenario" description="Runs Cucumber Scenarios" data-provider="scenarios" finished-at="2025-02-09T19:49:57 IST" duration-ms="14588" status="PASS">
          <params>
            <param index="0">
              <value>
                <![CDATA["Verify the Page Title and Navigation Flow"]]>
              </value>
            </param>
            <param index="1">
              <value>
                <![CDATA["Automate Web Application using Selenium with BDD"]]>
              </value>
            </param>
          </params>
          <reporter-output>
          </reporter-output>
        </test-method> <!-- runScenario -->
        <test-method signature="runScenario(io.cucumber.testng.PickleWrapper,io.cucumber.testng.FeatureWrapper)[pri:0, instance:runners.TestRunner@5c30a9b0]" started-at="2025-02-09T19:49:57 IST" name="runScenario" description="Runs Cucumber Scenarios" data-provider="scenarios" finished-at="2025-02-09T19:49:58 IST" duration-ms="832" status="PASS">
          <params>
            <param index="0">
              <value>
                <![CDATA["Verify A/B Testing Page"]]>
              </value>
            </param>
            <param index="1">
              <value>
                <![CDATA["Automate Web Application using Selenium with BDD"]]>
              </value>
            </param>
          </params>
          <reporter-output>
          </reporter-output>
        </test-method> <!-- runScenario -->
        <test-method signature="runScenario(io.cucumber.testng.PickleWrapper,io.cucumber.testng.FeatureWrapper)[pri:0, instance:runners.TestRunner@5c30a9b0]" started-at="2025-02-09T19:49:58 IST" name="runScenario" description="Runs Cucumber Scenarios" data-provider="scenarios" finished-at="2025-02-09T19:49:59 IST" duration-ms="1042" status="PASS">
          <params>
            <param index="0">
              <value>
                <![CDATA["Verify Dropdown Selection"]]>
              </value>
            </param>
            <param index="1">
              <value>
                <![CDATA["Automate Web Application using Selenium with BDD"]]>
              </value>
            </param>
          </params>
          <reporter-output>
          </reporter-output>
        </test-method> <!-- runScenario -->
        <test-method signature="runScenario(io.cucumber.testng.PickleWrapper,io.cucumber.testng.FeatureWrapper)[pri:0, instance:runners.TestRunner@5c30a9b0]" started-at="2025-02-09T19:49:59 IST" name="runScenario" description="Runs Cucumber Scenarios" data-provider="scenarios" finished-at="2025-02-09T19:50:00 IST" duration-ms="1057" status="PASS">
          <params>
            <param index="0">
              <value>
                <![CDATA["Verify Frames Page Links"]]>
              </value>
            </param>
            <param index="1">
              <value>
                <![CDATA["Automate Web Application using Selenium with BDD"]]>
              </value>
            </param>
          </params>
          <reporter-output>
          </reporter-output>
        </test-method> <!-- runScenario -->
        <test-method is-config="true" signature="tearDownClass()[pri:0, instance:runners.TestRunner@5c30a9b0]" started-at="2025-02-09T19:50:00 IST" name="tearDownClass" finished-at="2025-02-09T19:50:00 IST" duration-ms="47" status="PASS">
          <reporter-output>
          </reporter-output>
        </test-method> <!-- tearDownClass -->
      </class> <!-- runners.TestRunner -->
    </test> <!-- Surefire test -->
  </suite> <!-- Surefire suite -->
</testng-results>
