<?xml version="1.0" encoding="UTF-8"?>
<testsuite xmlns:xsi="http://www.w3.org/2001/XMLSchema-instance" xsi:noNamespaceSchemaLocation="https://maven.apache.org/surefire/maven-surefire-plugin/xsd/surefire-test-report-3.0.xsd" version="3.0" name="runners.TestRunner" time="10.626" tests="4" errors="0" skipped="0" failures="0">
  <properties>
[...]
</properties>
  <testcase name="runScenario[&quot;Verify the Page Title and Navigation Flow&quot;, &quot;Automate Web Application using Selenium with BDD&quot;](1)" classname="runners.TestRunner" time="7.053">
    <system-out><![CDATA[
Scenario: Verify the Page Title and Navigation Flow                   # src/test/resources/features/test.feature:3
  Given I launch the application "http://the-internet.herokuapp.com/" # stepdefinitions.StepDefinition.i_launch_the_application(java.lang.String)
  Then I should see the title of the page as "The Internet"           # stepdefinitions.StepDefinition.i_should_see_the_title_of_the_page_as(java.lang.String)
]]></system-out>
    <system-err><![CDATA[SLF4J: Failed to load class "org.slf4j.impl.StaticLoggerBinder".
SLF4J: Defaulting to no-operation (NOP) logger implementation
SLF4J: See http://www.slf4j.org/codes.html#StaticLoggerBinder for further details.
Feb 09, 2025 4:32:38 PM org.openqa.selenium.devtools.CdpVersionFinder findNearestMatch
WARNING: Unable to find an exact match for CDP version 133, returning the closest version; found: 132; Please update to a Selenium version that supports CDP version 133
]]></system-err>
  </testcase>
  <testcase name="runScenario[&quot;Verify A/B Testing Page&quot;, &quot;Automate Web Application using Selenium with BDD&quot;](2)" classname="runners.TestRunner" time="0.649">
    <system-out><![CDATA[
Scenario: Verify A/B Testing Page                              # src/test/resources/features/test.feature:7
  Given I am on the Home Page                                  # stepdefinitions.StepDefinition.i_am_on_the_home_page()
  When I click on "A/B Testing" link                           # stepdefinitions.StepDefinition.i_click_on_link(java.lang.String)
  Then I should see the text on the page as "A/B Test Control" # stepdefinitions.StepDefinition.i_should_see_the_text_on_the_page_as(java.lang.String)
]]></system-out>
  </testcase>
  <testcase name="runScenario[&quot;Verify Dropdown Selection&quot;, &quot;Automate Web Application using Selenium with BDD&quot;](3)" classname="runners.TestRunner" time="1.057">
    <system-out><![CDATA[
Scenario: Verify Dropdown Selection         # src/test/resources/features/test.feature:12
  Given I am on the Home Page               # stepdefinitions.StepDefinition.i_am_on_the_home_page()
  When I click on "Dropdown" link           # stepdefinitions.StepDefinition.i_click_on_link(java.lang.String)
  And I select "Option 1" from the dropdown # stepdefinitions.StepDefinition.i_select_from_the_dropdown(java.lang.String)
  Then "Option 1" should be selected        # stepdefinitions.StepDefinition.should_be_selected(java.lang.String)
]]></system-out>
  </testcase>
  <testcase name="runScenario[&quot;Verify Frames Page Links&quot;, &quot;Automate Web Application using Selenium with BDD&quot;](4)" classname="runners.TestRunner" time="0.925">
    <system-out><![CDATA[
Scenario: Verify Frames Page Links                               # src/test/resources/features/test.feature:18
  Given I am on the Home Page                                    # stepdefinitions.StepDefinition.i_am_on_the_home_page()
  When I click on "Frames" link                                  # stepdefinitions.StepDefinition.i_click_on_link(java.lang.String)
  Then I should see the following hyperlinks on the Frames page: # stepdefinitions.StepDefinition.i_should_see_the_following_hyperlinks_on_the_frames_page(io.cucumber.datatable.DataTable)
    | Nested Frames |
    | iFrame        |
  Then I_quit_the_application                                    # stepdefinitions.StepDefinition.I_quit_the_application()
]]></system-out>
    <system-err><![CDATA[Feb 09, 2025 4:32:47 PM org.openqa.selenium.remote.http.WebSocket$Listener onError
WARNING: Connection reset
java.net.SocketException: Connection reset
	at java.base/sun.nio.ch.SocketChannelImpl.throwConnectionReset(SocketChannelImpl.java:403)
	at java.base/sun.nio.ch.SocketChannelImpl.implRead(SocketChannelImpl.java:435)
	at java.base/sun.nio.ch.SocketChannelImpl.read(SocketChannelImpl.java:493)
	at java.net.http/jdk.internal.net.http.SocketTube.readAvailable(SocketTube.java:1178)
	at java.net.http/jdk.internal.net.http.SocketTube$InternalReadPublisher$InternalReadSubscription.read(SocketTube.java:841)
	at java.net.http/jdk.internal.net.http.SocketTube$SocketFlowTask.run(SocketTube.java:181)
	at java.net.http/jdk.internal.net.http.common.SequentialScheduler$SchedulableTask.run(SequentialScheduler.java:207)
	at java.net.http/jdk.internal.net.http.common.SequentialScheduler.runOrSchedule(SequentialScheduler.java:280)
	at java.net.http/jdk.internal.net.http.common.SequentialScheduler.runOrSchedule(SequentialScheduler.java:233)
	at java.net.http/jdk.internal.net.http.SocketTube$InternalReadPublisher$InternalReadSubscription.signalReadable(SocketTube.java:782)
	at java.net.http/jdk.internal.net.http.SocketTube$InternalReadPublisher$ReadEvent.signalEvent(SocketTube.java:965)
	at java.net.http/jdk.internal.net.http.SocketTube$SocketFlowEvent.handle(SocketTube.java:253)
	at java.net.http/jdk.internal.net.http.HttpClientImpl$SelectorManager.handleEvent(HttpClientImpl.java:1478)
	at java.net.http/jdk.internal.net.http.HttpClientImpl$SelectorManager.lambda$run$3(HttpClientImpl.java:1423)
	at java.base/java.util.ArrayList.forEach(ArrayList.java:1597)
	at java.net.http/jdk.internal.net.http.HttpClientImpl$SelectorManager.run(HttpClientImpl.java:1423)

]]></system-err>
  </testcase>
</testsuite>