<?xml version="1.0" encoding="UTF-8"?>
<!-- Generated by org.testng.reporters.JUnitReportReporter -->
<testsuite hostname="MSI" failures="0" tests="4" name="runners.TestRunner" time="9.676" errors="0" timestamp="2025-02-09T16:32:47 IST" skipped="0">
  <testcase classname="runners.TestRunner" name="runScenario" time="1.056"/>
  <system-out/>
  <testcase classname="runners.TestRunner" name="runScenario" time="7.050"/>
  <system-out/>
  <testcase classname="runners.TestRunner" name="runScenario" time="0.648"/>
  <system-out/>
  <testcase classname="runners.TestRunner" name="runScenario" time="0.922"/>
  <system-out/>
</testsuite> <!-- runners.TestRunner -->
