<?xml version="1.0" encoding="UTF-8"?>
<!-- Generated by org.testng.reporters.JUnitReportReporter -->
<testsuite hostname="MSI" failures="0" tests="4" name="runners.TestRunner" time="17.519" errors="0" timestamp="2025-02-09T19:50:00 IST" skipped="0">
  <testcase classname="runners.TestRunner" name="runScenario" time="1.042"/>
  <system-out/>
  <testcase classname="runners.TestRunner" name="runScenario" time="14.588"/>
  <system-out/>
  <testcase classname="runners.TestRunner" name="runScenario" time="0.832"/>
  <system-out/>
  <testcase classname="runners.TestRunner" name="runScenario" time="1.057"/>
  <system-out/>
</testsuite> <!-- runners.TestRunner -->
