<?xml version="1.0" encoding="UTF-8"?>
<!-- Generated by org.testng.reporters.JUnitXMLReporter -->
<testsuite ignored="0" hostname="MSI" failures="0" tests="3" name="Surefire test" time="6.006" errors="0" timestamp="2025-02-09T16:34:10 IST">
  <testcase classname="tests.GetCountryTest" name="testGetCountryByTranslation" time="1.909"/>
  <testcase classname="tests.GetCountryTest" name="testGetCountryByTranslation" time="0.656"/>
  <testcase classname="tests.GetCountryTest" name="testGetCountryByTranslation" time="2.997"/>
</testsuite> <!-- Surefire test -->
