<?xml version="1.0" encoding="UTF-8"?>
<testng-results ignored="0" total="3" passed="3" failed="0" skipped="0">
  <reporter-output>
  </reporter-output>
  <suite started-at="2025-02-09T16:34:04 IST" name="Surefire suite" finished-at="2025-02-09T16:34:10 IST" duration-ms="6006">
    <groups>
    </groups>
    <test started-at="2025-02-09T16:34:04 IST" name="Surefire test" finished-at="2025-02-09T16:34:10 IST" duration-ms="6006">
      <class name="tests.GetCountryTest">
        <test-method signature="testGetCountryByTranslation(java.lang.String)[pri:0, instance:tests.GetCountryTest@25a65b77]" started-at="2025-02-09T16:34:05 IST" name="testGetCountryByTranslation" data-provider="translations" finished-at="2025-02-09T16:34:06 IST" duration-ms="1909" status="PASS">
          <params>
            <param index="0">
              <value>
                <![CDATA[germany]]>
              </value>
            </param>
          </params>
          <reporter-output>
          </reporter-output>
        </test-method> <!-- testGetCountryByTranslation -->
        <test-method signature="testGetCountryByTranslation(java.lang.String)[pri:0, instance:tests.GetCountryTest@25a65b77]" started-at="2025-02-09T16:34:06 IST" name="testGetCountryByTranslation" data-provider="translations" finished-at="2025-02-09T16:34:07 IST" duration-ms="656" status="PASS">
          <params>
            <param index="0">
              <value>
                <![CDATA[alemania]]>
              </value>
            </param>
          </params>
          <reporter-output>
          </reporter-output>
        </test-method> <!-- testGetCountryByTranslation -->
        <test-method signature="testGetCountryByTranslation(java.lang.String)[pri:0, instance:tests.GetCountryTest@25a65b77]" started-at="2025-02-09T16:34:07 IST" name="testGetCountryByTranslation" data-provider="translations" finished-at="2025-02-09T16:34:10 IST" duration-ms="2997" status="PASS">
          <params>
            <param index="0">
              <value>
                <![CDATA[Saksamaa]]>
              </value>
            </param>
          </params>
          <reporter-output>
          </reporter-output>
        </test-method> <!-- testGetCountryByTranslation -->
      </class> <!-- tests.GetCountryTest -->
    </test> <!-- Surefire test -->
  </suite> <!-- Surefire suite -->
</testng-results>
